1570820144716	mozrunner::runner	INFO	Running command: "/usr/bin/firefox" "-marionette" "-foreground" "-no-remote" "-profile" "/tmp/rust_mozprofileN6DFCw"
1570820145260	addons.webextension.screenshots@mozilla.org	WARN	Loading extension 'screenshots@mozilla.org': Reading manifest: Invalid host permission: resource://pdf.js/
1570820145260	addons.webextension.screenshots@mozilla.org	WARN	Loading extension 'screenshots@mozilla.org': Reading manifest: Invalid host permission: about:reader*

(firefox:5307): Gtk-WARNING **: 15:55:45.642: Theme parsing error: <data>:1:34: Expected ')' in color definition

(firefox:5307): Gtk-WARNING **: 15:55:45.642: Theme parsing error: <data>:1:78: Expected ')' in color definition
1570820147851	Marionette	INFO	Listening on port 34529
1570820147931	Marionette	WARN	TLS certificate errors will be ignored for this session
1570820154423	mozrunner::runner	INFO	Running command: "/usr/bin/firefox" "-marionette" "-foreground" "-no-remote" "-profile" "/tmp/rust_mozprofile9Ob2p9"
1570820154890	addons.webextension.screenshots@mozilla.org	WARN	Loading extension 'screenshots@mozilla.org': Reading manifest: Invalid host permission: resource://pdf.js/
1570820154890	addons.webextension.screenshots@mozilla.org	WARN	Loading extension 'screenshots@mozilla.org': Reading manifest: Invalid host permission: about:reader*

(firefox:5557): Gtk-WARNING **: 15:55:55.869: Theme parsing error: <data>:1:34: Expected ')' in color definition

(firefox:5557): Gtk-WARNING **: 15:55:55.869: Theme parsing error: <data>:1:78: Expected ')' in color definition
1570820157964	Marionette	INFO	Listening on port 38653
1570820158045	Marionette	WARN	TLS certificate errors will be ignored for this session
console.error: BroadcastService: 
console.error: BroadcastService: 
  receivedBroadcastMessage: handler for
  remote-settings/monitor_changes
  threw error:
  Message: Error: Polling for changes failed: NetworkError when attempting to fetch resource..
  Stack:
    remoteSettingsFunction/remoteSettings.pollChanges@resource://services-settings/remote-settings.js:750:13

  receivedBroadcastMessage: handler for
  remote-settings/monitor_changes
  threw error:
  Message: Error: Polling for changes failed: NetworkError when attempting to fetch resource..
  Stack:
    remoteSettingsFunction/remoteSettings.pollChanges@resource://services-settings/remote-settings.js:750:13

[Parent 5557, Gecko_IOThread] WARNING: pipe error (91): Connection reset by peer: file /build/firefox-fvtOIe/firefox-64.0+linuxmint2+tessa/ipc/chromium/src/chrome/common/ipc_channel_posix.cc, line 363
[Parent 5557, Gecko_IOThread] WARNING: pipe error (77): Connection reset by peer: file /build/firefox-fvtOIe/firefox-64.0+linuxmint2+tessa/ipc/chromium/src/chrome/common/ipc_channel_posix.cc, line 363
[Parent 5307, Gecko_IOThread] WARNING: pipe error (88): Connection reset by peer: file /build/firefox-fvtOIe/firefox-64.0+linuxmint2+tessa/ipc/chromium/src/chrome/common/ipc_channel_posix.cc, line 363
[Parent 5307, Gecko_IOThread] WARNING: pipe error (77): Connection reset by peer: file /build/firefox-fvtOIe/firefox-64.0+linuxmint2+tessa/ipc/chromium/src/chrome/common/ipc_channel_posix.cc, line 363
1570820209841	Marionette	INFO	Stopped listening on port 34529
1570820209898	Marionette	INFO	Stopped listening on port 38653
1570820365626	mozrunner::runner	INFO	Running command: "/usr/bin/firefox" "-marionette" "-foreground" "-no-remote" "-profile" "/tmp/rust_mozprofileu4Hpzq"
1570820366183	addons.webextension.screenshots@mozilla.org	WARN	Loading extension 'screenshots@mozilla.org': Reading manifest: Invalid host permission: resource://pdf.js/
1570820366183	addons.webextension.screenshots@mozilla.org	WARN	Loading extension 'screenshots@mozilla.org': Reading manifest: Invalid host permission: about:reader*

(firefox:5889): Gtk-WARNING **: 15:59:26.519: Theme parsing error: <data>:1:34: Expected ')' in color definition

(firefox:5889): Gtk-WARNING **: 15:59:26.519: Theme parsing error: <data>:1:78: Expected ')' in color definition
1570820368349	Marionette	INFO	Listening on port 40683
1570820368447	Marionette	WARN	TLS certificate errors will be ignored for this session
JavaScript warning: http://cdnjs.cloudflare.com/ajax/libs/jquery/2.0.3/jquery.min.js, line 1: Using //@ to indicate sourceMappingURL pragmas is deprecated. Use //# instead

###!!! [Child][RunMessage] Error: Channel closing: too late to send/recv, messages will be lost

[Parent 5889, Gecko_IOThread] WARNING: pipe error (77): Connection reset by peer: file /build/firefox-fvtOIe/firefox-64.0+linuxmint2+tessa/ipc/chromium/src/chrome/common/ipc_channel_posix.cc, line 363
[Parent 5889, Gecko_IOThread] WARNING: pipe error (96): Connection reset by peer: file /build/firefox-fvtOIe/firefox-64.0+linuxmint2+tessa/ipc/chromium/src/chrome/common/ipc_channel_posix.cc, line 363
1570820394027	Marionette	INFO	Stopped listening on port 40683
1570820396339	mozrunner::runner	INFO	Running command: "/usr/bin/firefox" "-marionette" "-foreground" "-no-remote" "-profile" "/tmp/rust_mozprofileImjj06"
1570820396815	addons.webextension.screenshots@mozilla.org	WARN	Loading extension 'screenshots@mozilla.org': Reading manifest: Invalid host permission: resource://pdf.js/
1570820396816	addons.webextension.screenshots@mozilla.org	WARN	Loading extension 'screenshots@mozilla.org': Reading manifest: Invalid host permission: about:reader*

(firefox:6199): Gtk-WARNING **: 15:59:57.137: Theme parsing error: <data>:1:34: Expected ')' in color definition

(firefox:6199): Gtk-WARNING **: 15:59:57.137: Theme parsing error: <data>:1:78: Expected ')' in color definition
1570820398718	Marionette	INFO	Listening on port 37917
1570820398751	Marionette	WARN	TLS certificate errors will be ignored for this session
JavaScript warning: http://cdnjs.cloudflare.com/ajax/libs/jquery/2.0.3/jquery.min.js, line 1: Using //@ to indicate sourceMappingURL pragmas is deprecated. Use //# instead
console.error: BroadcastService: 
  receivedBroadcastMessage: handler for
  remote-settings/monitor_changes
  threw error:
  Message: Error: Polling for changes failed: NetworkError when attempting to fetch resource..
  Stack:
    remoteSettingsFunction/remoteSettings.pollChanges@resource://services-settings/remote-settings.js:750:13

